<?xml version="1.0" encoding="UTF-8"?>
<!-- Generated by org.testng.reporters.JUnitReportReporter -->
<testsuite skipped="0" hostname="rohi" name="com.restAssuredEx.APITesting" tests="3" failures="0" timestamp="2022-10-10T15:47:03 IST" time="11.947" errors="0">
  <testcase name="putMethod" time="0.994" classname="com.restAssuredEx.APITesting"/>
  <system-out/>
  <testcase name="postMethod" time="1.212" classname="com.restAssuredEx.APITesting"/>
  <system-out/>
  <testcase name="getMethod" time="9.741" classname="com.restAssuredEx.APITesting"/>
  <system-out/>
</testsuite> <!-- com.restAssuredEx.APITesting -->
