<?xml version="1.0" encoding="UTF-8"?>
<!-- Generated by org.testng.reporters.JUnitReportReporter -->
<testsuite hostname="rohi" failures="0" tests="1" name="testNG.Annotations" time="0.007" errors="0" timestamp="2022-07-28T22:30:04 IST" skipped="0">
  <testcase classname="testNG.Annotations" name="f" time="0.007"/>
  <system-out/>
</testsuite> <!-- testNG.Annotations -->
