<?xml version="1.0" encoding="UTF-8"?>
<!-- Generated by org.testng.reporters.JUnitReportReporter -->
<testsuite hostname="rohi" failures="0" tests="1" name="testNG.NewTest" time="0.008" errors="0" timestamp="2022-07-21T20:45:15 IST" skipped="0">
  <testcase classname="testNG.NewTest" name="test" time="0.008"/>
  <system-out/>
</testsuite> <!-- testNG.NewTest -->
