<?xml version="1.0" encoding="UTF-8"?>
<!-- Generated by org.testng.reporters.JUnitReportReporter -->
<testsuite hostname="rohi" failures="0" tests="1" name="com.kiranacademy.FileUpload" time="40.821" errors="0" timestamp="2022-08-27T11:24:58 IST" skipped="0">
  <testcase classname="com.kiranacademy.FileUpload" name="test01" time="40.821"/>
  <system-out/>
</testsuite> <!-- com.kiranacademy.FileUpload -->
