<?xml version="1.0" encoding="UTF-8"?>
<!-- Generated by org.testng.reporters.JUnitReportReporter -->
<testsuite hostname="rohi" failures="0" tests="2" name="com.loginPage.LoginpageTest" time="44.313" errors="0" timestamp="2022-09-03T09:13:54 IST" skipped="0">
  <testcase classname="com.loginPage.LoginpageTest" name="test01" time="44.001"/>
  <system-out/>
  <testcase classname="com.loginPage.LoginpageTest" name="test02" time="0.312"/>
  <system-out/>
</testsuite> <!-- com.loginPage.LoginpageTest -->
